<?xml version="1.0" encoding="UTF-8"?>
<!-- Generated by org.testng.reporters.JUnitReportReporter -->
<testsuite hostname="Nidhis-MacBook-Pro.local" failures="0" tests="1" name="day4.ParsingJSONResponseData" time="4.292" errors="0" timestamp="2024-04-11T10:18:39 MST" skipped="0">
  <testcase classname="day4.ParsingJSONResponseData" name="testJSONResponseBodyData" time="4.292"/>
</testsuite> <!-- day4.ParsingJSONResponseData -->
