<?xml version="1.0" encoding="UTF-8"?>
<!-- Generated by org.testng.reporters.JUnitReportReporter -->
<testsuite hostname="Nidhis-MacBook-Pro.local" failures="0" tests="4" name="com.RestAssuredTraining.RestAssured.day1.HTTPRequests" time="7.767" errors="0" timestamp="2024-04-05T15:03:18 MST" skipped="0">
  <testcase classname="com.RestAssuredTraining.RestAssured.day1.HTTPRequests" name="getUser" time="4.821"/>
  <testcase classname="com.RestAssuredTraining.RestAssured.day1.HTTPRequests" name="createUser" time="1.619"/>
  <testcase classname="com.RestAssuredTraining.RestAssured.day1.HTTPRequests" name="updateUser" time="0.813"/>
  <testcase classname="com.RestAssuredTraining.RestAssured.day1.HTTPRequests" name="deleteUser" time="0.514"/>
</testsuite> <!-- com.RestAssuredTraining.RestAssured.day1.HTTPRequests -->
