<?xml version="1.0" encoding="UTF-8"?>
<!-- Generated by org.testng.reporters.JUnitReportReporter -->
<testsuite hostname="Nidhis-MacBook-Pro.local" failures="0" tests="1" name="day3.HeaderDemo" time="4.694" errors="0" timestamp="2024-04-10T11:35:51 MST" skipped="0">
  <testcase classname="day3.HeaderDemo" name="testHeaders" time="4.694"/>
</testsuite> <!-- day3.HeaderDemo -->
