<?xml version="1.0" encoding="UTF-8"?>
<!-- Generated by org.testng.reporters.JUnitReportReporter -->
<testsuite hostname="Nidhis-MacBook-Pro.local" failures="0" tests="1" name="newRest.SumValidation" time="4.120" errors="0" timestamp="2025-01-08T12:59:36 MST" skipped="0">
  <testcase classname="newRest.SumValidation" name="sumOfCourse" time="4.120"/>
</testsuite> <!-- newRest.SumValidation -->
