<?xml version="1.0" encoding="UTF-8"?>
<!-- Generated by org.testng.reporters.JUnitReportReporter -->
<testsuite hostname="Nidhis-MacBook-Pro.local" failures="0" tests="1" name="day7.Authentication" time="3.707" errors="0" timestamp="2024-04-11T18:30:26 MST" skipped="0">
  <testcase classname="day7.Authentication" name="testOAuth2Authentication" time="3.707"/>
</testsuite> <!-- day7.Authentication -->
