<?xml version="1.0" encoding="UTF-8"?>
<!-- Generated by org.testng.reporters.JUnitReportReporter -->
<testsuite hostname="Nidhis-MacBook-Pro.local" failures="0" tests="1" name="day3.CookiesDemo" time="4.213" errors="0" timestamp="2024-09-13T11:55:52 MST" skipped="0">
  <testcase classname="day3.CookiesDemo" name="getCookiesInfo" time="4.213"/>
</testsuite> <!-- day3.CookiesDemo -->
