<?xml version="1.0" encoding="UTF-8"?>
<!-- Generated by org.testng.reporters.JUnitReportReporter -->
<testsuite hostname="Nidhis-MacBook-Pro.local" failures="0" tests="1" name="day3.CookiesDemo" time="4.505" errors="0" timestamp="2024-04-10T11:07:56 MST" skipped="0">
  <testcase classname="day3.CookiesDemo" name="getCookiesInfo" time="4.505"/>
</testsuite> <!-- day3.CookiesDemo -->
