<?xml version="1.0" encoding="UTF-8"?>
<!-- Generated by org.testng.reporters.JUnitReportReporter -->
<testsuite hostname="Nidhis-MacBook-Pro.local" failures="0" tests="2" name="day2.WaysToCreatePostRequestBody" time="5.141" errors="0" timestamp="2024-04-09T15:40:45 MST" skipped="0">
  <testcase classname="day2.WaysToCreatePostRequestBody" name="testPostUsingExternalJsonFile" time="5.055"/>
  <testcase classname="day2.WaysToCreatePostRequestBody" name="testDelete" time="0.086"/>
</testsuite> <!-- day2.WaysToCreatePostRequestBody -->
