<?xml version="1.0" encoding="UTF-8"?>
<!-- Generated by org.testng.reporters.JUnitReportReporter -->
<testsuite hostname="Nidhis-MacBook-Pro.local" failures="0" tests="2" name="day7.Authentication" time="6.859" errors="0" timestamp="2025-01-10T17:08:19 MST" skipped="0">
  <testcase classname="day7.Authentication" name="testBasicAuthentication" time="6.325"/>
  <testcase classname="day7.Authentication" name="testDigestAuthentication" time="0.534"/>
</testsuite> <!-- day7.Authentication -->
