<?xml version="1.0" encoding="UTF-8"?>
<!-- Generated by org.testng.reporters.JUnitReportReporter -->
<testsuite hostname="Nidhis-MacBook-Pro.local" failures="0" tests="1" name="day3.PathAndQueryParameter" time="5.235" errors="0" timestamp="2024-04-09T17:52:57 MST" skipped="0">
  <testcase classname="day3.PathAndQueryParameter" name="testQueryAndPathParameters" time="5.235"/>
</testsuite> <!-- day3.PathAndQueryParameter -->
