<?xml version="1.0" encoding="UTF-8"?>
<!-- Generated by org.testng.reporters.JUnitReportReporter -->
<testsuite hostname="Nidhis-MacBook-Pro.local" failures="0" tests="3" name="newRest.DynamicJson" time="14.584" errors="0" timestamp="2025-01-30T09:51:56 MST" skipped="0">
  <testcase classname="newRest.DynamicJson" name="addBook" time="3.358"/>
  <testcase classname="newRest.DynamicJson" name="addBook" time="3.078"/>
  <testcase classname="newRest.DynamicJson" name="addBook" time="8.148"/>
</testsuite> <!-- newRest.DynamicJson -->
