<?xml version="1.0" encoding="UTF-8"?>
<!-- Generated by org.testng.reporters.JUnitReportReporter -->
<testsuite hostname="Nidhis-MacBook-Pro.local" failures="0" tests="3" name="day1.HTTPRequests" time="6.818" errors="0" timestamp="2024-10-17T05:27:12 MST" skipped="0">
  <testcase classname="day1.HTTPRequests" name="createUser" time="5.655"/>
  <testcase classname="day1.HTTPRequests" name="updateUser" time="0.635"/>
  <testcase classname="day1.HTTPRequests" name="deleteUser" time="0.528"/>
</testsuite> <!-- day1.HTTPRequests -->
