<?xml version="1.0" encoding="UTF-8"?>
<!-- Generated by org.testng.reporters.JUnitReportReporter -->
<testsuite hostname="Nidhis-MacBook-Pro.local" failures="0" tests="1" name="day3.LoggingDemo" time="4.263" errors="0" timestamp="2024-04-10T11:48:35 MST" skipped="0">
  <testcase classname="day3.LoggingDemo" name="testlogs" time="4.263"/>
</testsuite> <!-- day3.LoggingDemo -->
